2017-10-12 11:46:56,638 CRIT Supervisor running as root (no user in config file)
2017-10-12 11:46:56,638 WARN Included extra file "/etc/supervisor/conf.d/supervisord.conf" during parsing
2017-10-12 11:46:56,670 INFO RPC interface 'supervisor' initialized
2017-10-12 11:46:56,670 CRIT Server 'unix_http_server' running without any HTTP authentication checking
2017-10-12 11:46:56,671 INFO supervisord started with pid 1
2017-10-12 11:46:57,675 INFO spawned: 'varnishd' with pid 13
2017-10-12 11:46:57,678 INFO spawned: 'php-fpm' with pid 14
2017-10-12 11:46:57,722 INFO spawned: 'varnish-plugins-watcher' with pid 15
2017-10-12 11:46:57,743 INFO spawned: 'nginx' with pid 16
2017-10-12 11:46:57,746 INFO spawned: 'MailHog' with pid 17
2017-10-12 11:46:57,753 INFO spawned: 'mysql' with pid 18
2017-10-12 11:46:57,801 INFO spawned: 'varnish-themes-watcher' with pid 21
2017-10-12 11:46:59,057 INFO success: varnishd entered RUNNING state, process has stayed up for > than 1 seconds (startsecs)
2017-10-12 11:46:59,069 INFO success: php-fpm entered RUNNING state, process has stayed up for > than 1 seconds (startsecs)
2017-10-12 11:46:59,069 INFO success: varnish-plugins-watcher entered RUNNING state, process has stayed up for > than 1 seconds (startsecs)
2017-10-12 11:46:59,069 INFO success: nginx entered RUNNING state, process has stayed up for > than 1 seconds (startsecs)
2017-10-12 11:46:59,069 INFO success: MailHog entered RUNNING state, process has stayed up for > than 1 seconds (startsecs)
2017-10-12 11:46:59,069 INFO success: mysql entered RUNNING state, process has stayed up for > than 1 seconds (startsecs)
2017-10-12 11:46:59,069 INFO success: varnish-themes-watcher entered RUNNING state, process has stayed up for > than 1 seconds (startsecs)
2018-01-19 20:43:24,616 CRIT Supervisor running as root (no user in config file)
2018-01-19 20:43:24,617 WARN Included extra file "/etc/supervisor/conf.d/supervisord.conf" during parsing
2018-01-19 20:43:24,667 INFO RPC interface 'supervisor' initialized
2018-01-19 20:43:24,668 CRIT Server 'unix_http_server' running without any HTTP authentication checking
2018-01-19 20:43:24,669 INFO supervisord started with pid 1
2018-01-19 20:43:25,683 INFO spawned: 'varnishd' with pid 26
2018-01-19 20:43:25,858 INFO spawned: 'php-fpm' with pid 27
2018-01-19 20:43:25,861 INFO spawned: 'varnish-plugins-watcher' with pid 28
2018-01-19 20:43:25,902 INFO spawned: 'nginx' with pid 29
2018-01-19 20:43:25,920 INFO spawned: 'MailHog' with pid 30
2018-01-19 20:43:25,959 INFO spawned: 'mysql' with pid 31
2018-01-19 20:43:26,192 INFO spawned: 'varnish-themes-watcher' with pid 32
2018-01-19 20:43:27,067 INFO success: varnishd entered RUNNING state, process has stayed up for > than 1 seconds (startsecs)
2018-01-19 20:43:27,067 INFO success: php-fpm entered RUNNING state, process has stayed up for > than 1 seconds (startsecs)
2018-01-19 20:43:27,067 INFO success: varnish-plugins-watcher entered RUNNING state, process has stayed up for > than 1 seconds (startsecs)
2018-01-19 20:43:27,068 INFO success: nginx entered RUNNING state, process has stayed up for > than 1 seconds (startsecs)
2018-01-19 20:43:27,068 INFO success: MailHog entered RUNNING state, process has stayed up for > than 1 seconds (startsecs)
2018-01-19 20:43:27,068 INFO success: mysql entered RUNNING state, process has stayed up for > than 1 seconds (startsecs)
2018-01-19 20:43:27,068 INFO success: varnish-themes-watcher entered RUNNING state, process has stayed up for > than 1 seconds (startsecs)
2018-01-19 20:44:06,195 INFO exited: varnishd (exit status 0; expected)
2018-01-19 20:44:07,205 INFO spawned: 'varnishd' with pid 416
2018-01-19 20:44:08,946 INFO success: varnishd entered RUNNING state, process has stayed up for > than 1 seconds (startsecs)
2018-11-10 20:46:17,952 CRIT Supervisor running as root (no user in config file)
2018-11-10 20:46:17,953 INFO Included extra file "/etc/supervisor/conf.d/supervisord.conf" during parsing
2018-11-10 20:46:18,003 INFO RPC interface 'supervisor' initialized
2018-11-10 20:46:18,004 CRIT Server 'unix_http_server' running without any HTTP authentication checking
2018-11-10 20:46:18,004 INFO supervisord started with pid 1
2018-11-10 20:46:19,010 INFO spawned: 'varnishd' with pid 41
2018-11-10 20:46:19,014 INFO spawned: 'php-fpm' with pid 42
2018-11-10 20:46:19,017 INFO spawned: 'varnish-plugins-watcher' with pid 43
2018-11-10 20:46:19,023 INFO spawned: 'nginx' with pid 44
2018-11-10 20:46:19,037 INFO spawned: 'MailHog' with pid 45
2018-11-10 20:46:19,065 INFO spawned: 'mysql' with pid 48
2018-11-10 20:46:19,080 INFO spawned: 'varnish-themes-watcher' with pid 49
2018-11-10 20:46:20,281 INFO success: varnishd entered RUNNING state, process has stayed up for > than 1 seconds (startsecs)
2018-11-10 20:46:20,281 INFO success: php-fpm entered RUNNING state, process has stayed up for > than 1 seconds (startsecs)
2018-11-10 20:46:20,281 INFO success: varnish-plugins-watcher entered RUNNING state, process has stayed up for > than 1 seconds (startsecs)
2018-11-10 20:46:20,281 INFO success: nginx entered RUNNING state, process has stayed up for > than 1 seconds (startsecs)
2018-11-10 20:46:20,282 INFO success: MailHog entered RUNNING state, process has stayed up for > than 1 seconds (startsecs)
2018-11-10 20:46:20,282 INFO success: mysql entered RUNNING state, process has stayed up for > than 1 seconds (startsecs)
2018-11-10 20:46:20,282 INFO success: varnish-themes-watcher entered RUNNING state, process has stayed up for > than 1 seconds (startsecs)
2018-12-16 11:21:01,594 CRIT Supervisor running as root (no user in config file)
2018-12-16 11:21:01,595 INFO Included extra file "/etc/supervisor/conf.d/supervisord.conf" during parsing
2018-12-16 11:21:01,664 INFO RPC interface 'supervisor' initialized
2018-12-16 11:21:01,665 CRIT Server 'unix_http_server' running without any HTTP authentication checking
2018-12-16 11:21:01,665 INFO supervisord started with pid 1
2018-12-16 11:21:02,670 INFO spawned: 'varnishd' with pid 41
2018-12-16 11:21:02,674 INFO spawned: 'php-fpm' with pid 42
2018-12-16 11:21:02,677 INFO spawned: 'varnish-plugins-watcher' with pid 43
2018-12-16 11:21:02,688 INFO spawned: 'nginx' with pid 44
2018-12-16 11:21:02,701 INFO spawned: 'MailHog' with pid 45
2018-12-16 11:21:02,719 INFO spawned: 'mysql' with pid 46
2018-12-16 11:21:02,739 INFO spawned: 'varnish-themes-watcher' with pid 47
2018-12-16 11:21:03,943 INFO success: varnishd entered RUNNING state, process has stayed up for > than 1 seconds (startsecs)
2018-12-16 11:21:03,944 INFO success: php-fpm entered RUNNING state, process has stayed up for > than 1 seconds (startsecs)
2018-12-16 11:21:03,944 INFO success: varnish-plugins-watcher entered RUNNING state, process has stayed up for > than 1 seconds (startsecs)
2018-12-16 11:21:03,947 INFO success: nginx entered RUNNING state, process has stayed up for > than 1 seconds (startsecs)
2018-12-16 11:21:03,948 INFO success: MailHog entered RUNNING state, process has stayed up for > than 1 seconds (startsecs)
2018-12-16 11:21:03,948 INFO success: mysql entered RUNNING state, process has stayed up for > than 1 seconds (startsecs)
2018-12-16 11:21:03,948 INFO success: varnish-themes-watcher entered RUNNING state, process has stayed up for > than 1 seconds (startsecs)
2018-12-16 18:19:03,088 WARN received SIGTERM indicating exit request
2018-12-16 18:19:03,094 INFO waiting for varnishd, php-fpm, varnish-plugins-watcher, nginx, MailHog, mysql, varnish-themes-watcher to die
2018-12-16 18:19:04,101 INFO stopped: varnish-themes-watcher (terminated by SIGTERM)
2018-12-16 18:19:04,124 INFO stopped: mysql (exit status 0)
2018-12-16 18:19:04,124 INFO stopped: MailHog (terminated by SIGTERM)
2018-12-16 18:19:04,131 INFO stopped: nginx (exit status 0)
2018-12-16 18:19:04,468 INFO stopped: varnish-plugins-watcher (terminated by SIGTERM)
2018-12-16 18:19:04,469 INFO reaped unknown pid 14672
2018-12-16 18:19:04,478 INFO reaped unknown pid 14674
2018-12-16 18:19:04,536 INFO stopped: php-fpm (exit status 0)
2018-12-16 18:19:05,733 INFO stopped: varnishd (exit status 0)
2018-12-17 05:01:24,876 CRIT Supervisor running as root (no user in config file)
2018-12-17 05:01:24,876 INFO Included extra file "/etc/supervisor/conf.d/supervisord.conf" during parsing
2018-12-17 05:01:24,927 INFO RPC interface 'supervisor' initialized
2018-12-17 05:01:24,930 CRIT Server 'unix_http_server' running without any HTTP authentication checking
2018-12-17 05:01:24,930 INFO supervisord started with pid 1
2018-12-17 05:01:25,934 INFO spawned: 'varnishd' with pid 51
2018-12-17 05:01:25,939 INFO spawned: 'php-fpm' with pid 52
2018-12-17 05:01:25,941 INFO spawned: 'varnish-plugins-watcher' with pid 53
2018-12-17 05:01:25,946 INFO spawned: 'nginx' with pid 54
2018-12-17 05:01:25,954 INFO spawned: 'MailHog' with pid 55
2018-12-17 05:01:25,974 INFO spawned: 'mysql' with pid 56
2018-12-17 05:01:25,984 INFO spawned: 'varnish-themes-watcher' with pid 57
2018-12-17 05:01:27,093 INFO success: varnishd entered RUNNING state, process has stayed up for > than 1 seconds (startsecs)
2018-12-17 05:01:27,093 INFO success: php-fpm entered RUNNING state, process has stayed up for > than 1 seconds (startsecs)
2018-12-17 05:01:27,093 INFO success: varnish-plugins-watcher entered RUNNING state, process has stayed up for > than 1 seconds (startsecs)
2018-12-17 05:01:27,093 INFO success: nginx entered RUNNING state, process has stayed up for > than 1 seconds (startsecs)
2018-12-17 05:01:27,093 INFO success: MailHog entered RUNNING state, process has stayed up for > than 1 seconds (startsecs)
2018-12-17 05:01:27,093 INFO success: mysql entered RUNNING state, process has stayed up for > than 1 seconds (startsecs)
2018-12-17 05:01:27,093 INFO success: varnish-themes-watcher entered RUNNING state, process has stayed up for > than 1 seconds (startsecs)
